<?xml version="1.0" encoding="UTF-8"?>
<testng-results ignored="0" total="1" passed="1" failed="0" skipped="0">
  <reporter-output>
  </reporter-output>
  <suite started-at="2024-02-15T10:41:54 IST" name="Default suite" finished-at="2024-02-15T10:42:06 IST" duration-ms="11781">
    <groups>
    </groups>
    <test started-at="2024-02-15T10:41:54 IST" name="Default test" finished-at="2024-02-15T10:42:06 IST" duration-ms="11781">
      <class name="com.TestNg.Adactin">
        <test-method is-config="true" signature="setUp()[pri:0, instance:com.TestNg.Adactin@7b36aa0c]" started-at="2024-02-15T10:41:54 IST" name="setUp" finished-at="2024-02-15T10:41:55 IST" duration-ms="993" status="PASS">
          <reporter-output>
          </reporter-output>
        </test-method> <!-- setUp -->
        <test-method is-config="true" signature="browserlaunch()[pri:0, instance:com.TestNg.Adactin@7b36aa0c]" started-at="2024-02-15T10:41:55 IST" name="browserlaunch" finished-at="2024-02-15T10:42:01 IST" duration-ms="6552" status="PASS">
          <reporter-output>
          </reporter-output>
        </test-method> <!-- browserlaunch -->
        <test-method is-config="true" signature="login()[pri:0, instance:com.TestNg.Adactin@7b36aa0c]" started-at="2024-02-15T10:42:01 IST" name="login" finished-at="2024-02-15T10:42:02 IST" duration-ms="592" status="PASS">
          <reporter-output>
          </reporter-output>
        </test-method> <!-- login -->
        <test-method signature="searchHotal()[pri:0, instance:com.TestNg.Adactin@7b36aa0c]" started-at="2024-02-15T10:42:02 IST" name="searchHotal" finished-at="2024-02-15T10:42:06 IST" duration-ms="3616" status="PASS">
          <reporter-output>
          </reporter-output>
        </test-method> <!-- searchHotal -->
      </class> <!-- com.TestNg.Adactin -->
    </test> <!-- Default test -->
  </suite> <!-- Default suite -->
</testng-results>
